Nov 06, 2022 12:57:07 AM client.Client sendMessage
INFO: sho
Nov 06, 2022 12:57:07 AM client.Client sendMessage
INFO: Received message: This command do not exist
Nov 06, 2022 12:57:08 AM client.Client sendMessage
INFO: who
Nov 06, 2022 12:57:08 AM client.Client sendMessage
INFO: Received message: Volodymyr Kravchuk, group K-26, variant #27 (guessing points on the place using Monte Carlo method)
Nov 06, 2022 12:57:25 AM client.Client sendMessage
INFO: help
Nov 06, 2022 12:57:25 AM client.Client sendMessage
INFO: Received message: To guess the point you should type command "guess" 
and the coordinates of the points in the following format:
guess (x;y)
where x and y are int or double values.
If it will be in point range of the point that exists server will return
conformation of guessing and client will update its table.
Nov 06, 2022 12:57:33 AM client.Client sendMessage
INFO: start-guessing
Nov 06, 2022 12:57:33 AM client.Client sendMessage
INFO: Received message: Guessing is started. You have 5 attempts left
Nov 06, 2022 12:57:51 AM client.Client sendMessage
INFO: guess (1;4)
Nov 06, 2022 12:57:51 AM client.Client sendMessage
INFO: Received message: POINT DOES NOT EXIST
------
------
------
------
------
------
You have 4 more attempts to guess
Nov 06, 2022 12:57:56 AM client.Client sendMessage
INFO: guess (3;1)
Nov 06, 2022 12:57:56 AM client.Client sendMessage
INFO: Received message: POINT EXIST
------
---*--
------
------
------
------
You have 3 more attempts to guess
Nov 06, 2022 12:59:12 AM client.Client sendMessage
INFO: guess (12;12
Nov 06, 2022 12:59:12 AM client.Client sendMessage
INFO: Received message: Wrong command syntax error. Command "help" to get help;
